# JRE version: OpenJDK Runtime Environment (17.0.6) (build 17.0.6+0-b2043.56-10027231)
# Java VM: OpenJDK 64-Bit Server VM (17.0.6+0-b2043.56-10027231, mixed mode, tiered, compressed oops, compressed class ptrs, g1 gc, windows-amd64)
GC Precious Log:
 CPUs: 4 total, 4 available
 Memory: 3445M
 Large Page Support: Disabled
 NUMA Support: Disabled
 Compressed Oops: Enabled (32-bit)
 Heap Region Size: 1M
 Heap Min Capacity: 8M
 Heap Initial Capacity: 54M
 Heap Max Capacity: 2G
 Pre-touch: Disabled
 Parallel Workers: 4
 Concurrent Workers: 1
 Concurrent Refinement Workers: 4
 Periodic GC: Disabled
Heap:
 garbage-first heap   total 399360K, used 310748K [0x0000000080000000, 0x0000000100000000)
  region size 1024K, 187 young (191488K), 23 survivors (23552K)
 Metaspace       used 123821K, committed 124736K, reserved 1163264K
  class space    used 16421K, committed 16832K, reserved 1048576K
GC Heap History (20 events):
Event: 13.775 GC heap after
{Heap after GC invocations=42 (full 0):
 garbage-first heap   total 144384K, used 67342K [0x0000000080000000, 0x0000000100000000)
  region size 1024K, 1 young (1024K), 1 survivors (1024K)
 Metaspace       used 71430K, committed 72064K, reserved 1114112K
  class space    used 9458K, committed 9728K, reserved 1048576K
}
Event: 14.018 GC heap before
{Heap before GC invocations=42 (full 0):
 garbage-first heap   total 144384K, used 111374K [0x0000000080000000, 0x0000000100000000)
  region size 1024K, 44 young (45056K), 1 survivors (1024K)
 Metaspace       used 71846K, committed 72512K, reserved 1114112K
  class space    used 9533K, committed 9856K, reserved 1048576K
}
Event: 14.022 GC heap after
{Heap after GC invocations=43 (full 0):
 garbage-first heap   total 144384K, used 70164K [0x0000000080000000, 0x0000000100000000)
  region size 1024K, 4 young (4096K), 4 survivors (4096K)
 Metaspace       used 71846K, committed 72512K, reserved 1114112K
  class space    used 9533K, committed 9856K, reserved 1048576K
}
Event: 14.734 GC heap before
{Heap before GC invocations=43 (full 0):
 garbage-first heap   total 144384K, used 111124K [0x0000000080000000, 0x0000000100000000)
  region size 1024K, 45 young (46080K), 4 survivors (4096K)
 Metaspace       used 76376K, committed 76992K, reserved 1122304K
  class space    used 10138K, committed 10432K, reserved 1048576K
}
Event: 14.741 GC heap after
{Heap after GC invocations=44 (full 0):
 garbage-first heap   total 144384K, used 74718K [0x0000000080000000, 0x0000000100000000)
  region size 1024K, 5 young (5120K), 5 survivors (5120K)
 Metaspace       used 76376K, committed 76992K, reserved 1122304K
  class space    used 10138K, committed 10432K, reserved 1048576K
}
Event: 15.360 GC heap before
{Heap before GC invocations=44 (full 0):
 garbage-first heap   total 144384K, used 113630K [0x0000000080000000, 0x0000000100000000)
  region size 1024K, 42 young (43008K), 5 survivors (5120K)
 Metaspace       used 78978K, committed 79680K, reserved 1122304K
  class space    used 10497K, committed 10816K, reserved 1048576K
}
Event: 15.367 GC heap after
{Heap after GC invocations=45 (full 0):
 garbage-first heap   total 144384K, used 77850K [0x0000000080000000, 0x0000000100000000)
  region size 1024K, 4 young (4096K), 4 survivors (4096K)
 Metaspace       used 78978K, committed 79680K, reserved 1122304K
  class space    used 10497K, committed 10816K, reserved 1048576K
}
Event: 16.134 GC heap before
{Heap before GC invocations=45 (full 0):
 garbage-first heap   total 144384K, used 113690K [0x0000000080000000, 0x0000000100000000)
  region size 1024K, 39 young (39936K), 4 survivors (4096K)
 Metaspace       used 83202K, committed 83840K, reserved 1122304K
  class space    used 11282K, committed 11584K, reserved 1048576K
}
Event: 16.140 GC heap after
{Heap after GC invocations=46 (full 0):
 garbage-first heap   total 387072K, used 79391K [0x0000000080000000, 0x0000000100000000)
  region size 1024K, 3 young (3072K), 3 survivors (3072K)
 Metaspace       used 83202K, committed 83840K, reserved 1122304K
  class space    used 11282K, committed 11584K, reserved 1048576K
}
Event: 21.109 GC heap before
{Heap before GC invocations=46 (full 0):
 garbage-first heap   total 387072K, used 295455K [0x0000000080000000, 0x0000000100000000)
  region size 1024K, 214 young (219136K), 3 survivors (3072K)
 Metaspace       used 95840K, committed 96640K, reserved 1138688K
  class space    used 13137K, committed 13504K, reserved 1048576K
}
Event: 21.248 GC heap after
{Heap after GC invocations=47 (full 0):
 garbage-first heap   total 387072K, used 101788K [0x0000000080000000, 0x0000000100000000)
  region size 1024K, 25 young (25600K), 25 survivors (25600K)
 Metaspace       used 95840K, committed 96640K, reserved 1138688K
  class space    used 13137K, committed 13504K, reserved 1048576K
}
Event: 25.135 GC heap before
{Heap before GC invocations=47 (full 0):
 garbage-first heap   total 387072K, used 274844K [0x0000000080000000, 0x0000000100000000)
  region size 1024K, 195 young (199680K), 25 survivors (25600K)
 Metaspace       used 97875K, committed 98624K, reserved 1138688K
  class space    used 13340K, committed 13696K, reserved 1048576K
}
Event: 25.350 GC heap after
{Heap after GC invocations=48 (full 0):
 garbage-first heap   total 387072K, used 114327K [0x0000000080000000, 0x0000000100000000)
  region size 1024K, 14 young (14336K), 14 survivors (14336K)
 Metaspace       used 97875K, committed 98624K, reserved 1138688K
  class space    used 13340K, committed 13696K, reserved 1048576K
}
Event: 29.869 GC heap before
{Heap before GC invocations=48 (full 0):
 garbage-first heap   total 387072K, used 287383K [0x0000000080000000, 0x0000000100000000)
  region size 1024K, 183 young (187392K), 14 survivors (14336K)
 Metaspace       used 102392K, committed 103232K, reserved 1138688K
  class space    used 13826K, committed 14208K, reserved 1048576K
}
Event: 29.950 GC heap after
{Heap after GC invocations=49 (full 0):
 garbage-first heap   total 387072K, used 124416K [0x0000000080000000, 0x0000000100000000)
  region size 1024K, 12 young (12288K), 12 survivors (12288K)
 Metaspace       used 102392K, committed 103232K, reserved 1138688K
  class space    used 13826K, committed 14208K, reserved 1048576K
}
Event: 33.897 GC heap before
{Heap before GC invocations=49 (full 0):
 garbage-first heap   total 387072K, used 298496K [0x0000000080000000, 0x0000000100000000)
  region size 1024K, 183 young (187392K), 12 survivors (12288K)
 Metaspace       used 104672K, committed 105472K, reserved 1146880K
  class space    used 14109K, committed 14528K, reserved 1048576K
}
Event: 33.959 GC heap after
{Heap after GC invocations=50 (full 0):
 garbage-first heap   total 387072K, used 134144K [0x0000000080000000, 0x0000000100000000)
  region size 1024K, 21 young (21504K), 21 survivors (21504K)
 Metaspace       used 104672K, committed 105472K, reserved 1146880K
  class space    used 14109K, committed 14528K, reserved 1048576K
}
Event: 58.229 GC heap before
{Heap before GC invocations=50 (full 0):
 garbage-first heap   total 387072K, used 225280K [0x0000000080000000, 0x0000000100000000)
  region size 1024K, 112 young (114688K), 21 survivors (21504K)
 Metaspace       used 113755K, committed 114688K, reserved 1155072K
  class space    used 15350K, committed 15808K, reserved 1048576K
}
Event: 58.391 GC heap after
{Heap after GC invocations=51 (full 0):
 garbage-first heap   total 387072K, used 139740K [0x0000000080000000, 0x0000000100000000)
  region size 1024K, 17 young (17408K), 17 survivors (17408K)
 Metaspace       used 113755K, committed 114688K, reserved 1155072K
  class space    used 15350K, committed 15808K, reserved 1048576K
}
Event: 62.688 GC heap before
{Heap before GC invocations=52 (full 0):
 garbage-first heap   total 387072K, used 309724K [0x0000000080000000, 0x0000000100000000)
  region size 1024K, 181 young (185344K), 17 survivors (17408K)
 Metaspace       used 123821K, committed 124736K, reserved 1163264K
  class space    used 16421K, committed 16832K, reserved 1048576K
}

