# JRE version: OpenJDK Runtime Environment (17.0.6) (build 17.0.6+0-b2043.56-10027231)
# Java VM: OpenJDK 64-Bit Server VM (17.0.6+0-b2043.56-10027231, mixed mode, tiered, compressed oops, compressed class ptrs, g1 gc, windows-amd64)
GC Precious Log:
 CPUs: 4 total, 4 available
 Memory: 3445M
 Large Page Support: Disabled
 NUMA Support: Disabled
 Compressed Oops: Enabled (32-bit)
 Heap Region Size: 1M
 Heap Min Capacity: 8M
 Heap Initial Capacity: 54M
 Heap Max Capacity: 862M
 Pre-touch: Disabled
 Parallel Workers: 4
 Concurrent Workers: 1
 Concurrent Refinement Workers: 4
 Periodic GC: Disabled
Heap:
 garbage-first heap   total 198656K, used 91385K [0x00000000ca200000, 0x0000000100000000)
  region size 1024K, 41 young (41984K), 1 survivors (1024K)
 Metaspace       used 62511K, committed 62784K, reserved 1105920K
  class space    used 7440K, committed 7552K, reserved 1048576K
GC Heap History (20 events):
Event: 3.248 GC heap before
{Heap before GC invocations=16 (full 0):
 garbage-first heap   total 56320K, used 43349K [0x00000000ca200000, 0x0000000100000000)
  region size 1024K, 15 young (15360K), 2 survivors (2048K)
 Metaspace       used 47679K, committed 47936K, reserved 1097728K
  class space    used 5747K, committed 5888K, reserved 1048576K
}
Event: 3.253 GC heap after
{Heap after GC invocations=17 (full 0):
 garbage-first heap   total 72704K, used 31294K [0x00000000ca200000, 0x0000000100000000)
  region size 1024K, 2 young (2048K), 2 survivors (2048K)
 Metaspace       used 47679K, committed 47936K, reserved 1097728K
  class space    used 5747K, committed 5888K, reserved 1048576K
}
Event: 3.547 GC heap before
{Heap before GC invocations=18 (full 0):
 garbage-first heap   total 72704K, used 49726K [0x00000000ca200000, 0x0000000100000000)
  region size 1024K, 20 young (20480K), 2 survivors (2048K)
 Metaspace       used 49670K, committed 49984K, reserved 1097728K
  class space    used 5956K, committed 6080K, reserved 1048576K
}
Event: 3.556 GC heap after
{Heap after GC invocations=19 (full 0):
 garbage-first heap   total 72704K, used 36782K [0x00000000ca200000, 0x0000000100000000)
  region size 1024K, 4 young (4096K), 4 survivors (4096K)
 Metaspace       used 49670K, committed 49984K, reserved 1097728K
  class space    used 5956K, committed 6080K, reserved 1048576K
}
Event: 3.631 GC heap before
{Heap before GC invocations=20 (full 0):
 garbage-first heap   total 78848K, used 56238K [0x00000000ca200000, 0x0000000100000000)
  region size 1024K, 23 young (23552K), 4 survivors (4096K)
 Metaspace       used 49776K, committed 50048K, reserved 1097728K
  class space    used 5956K, committed 6080K, reserved 1048576K
}
Event: 3.636 GC heap after
{Heap after GC invocations=21 (full 0):
 garbage-first heap   total 78848K, used 38259K [0x00000000ca200000, 0x0000000100000000)
  region size 1024K, 2 young (2048K), 2 survivors (2048K)
 Metaspace       used 49776K, committed 50048K, reserved 1097728K
  class space    used 5956K, committed 6080K, reserved 1048576K
}
Event: 4.017 GC heap before
{Heap before GC invocations=21 (full 0):
 garbage-first heap   total 78848K, used 59763K [0x00000000ca200000, 0x0000000100000000)
  region size 1024K, 24 young (24576K), 2 survivors (2048K)
 Metaspace       used 54559K, committed 54848K, reserved 1097728K
  class space    used 6515K, committed 6656K, reserved 1048576K
}
Event: 4.023 GC heap after
{Heap after GC invocations=22 (full 0):
 garbage-first heap   total 78848K, used 39980K [0x00000000ca200000, 0x0000000100000000)
  region size 1024K, 3 young (3072K), 3 survivors (3072K)
 Metaspace       used 54559K, committed 54848K, reserved 1097728K
  class space    used 6515K, committed 6656K, reserved 1048576K
}
Event: 4.583 GC heap before
{Heap before GC invocations=23 (full 0):
 garbage-first heap   total 78848K, used 61484K [0x00000000ca200000, 0x0000000100000000)
  region size 1024K, 24 young (24576K), 3 survivors (3072K)
 Metaspace       used 56073K, committed 56320K, reserved 1105920K
  class space    used 6593K, committed 6720K, reserved 1048576K
}
Event: 4.594 GC heap after
{Heap after GC invocations=24 (full 0):
 garbage-first heap   total 78848K, used 43891K [0x00000000ca200000, 0x0000000100000000)
  region size 1024K, 3 young (3072K), 3 survivors (3072K)
 Metaspace       used 56073K, committed 56320K, reserved 1105920K
  class space    used 6593K, committed 6720K, reserved 1048576K
}
Event: 4.858 GC heap before
{Heap before GC invocations=24 (full 0):
 garbage-first heap   total 78848K, used 62323K [0x00000000ca200000, 0x0000000100000000)
  region size 1024K, 21 young (21504K), 3 survivors (3072K)
 Metaspace       used 56397K, committed 56768K, reserved 1105920K
  class space    used 6612K, committed 6784K, reserved 1048576K
}
Event: 4.869 GC heap after
{Heap after GC invocations=25 (full 0):
 garbage-first heap   total 78848K, used 47456K [0x00000000ca200000, 0x0000000100000000)
  region size 1024K, 3 young (3072K), 3 survivors (3072K)
 Metaspace       used 56397K, committed 56768K, reserved 1105920K
  class space    used 6612K, committed 6784K, reserved 1048576K
}
Event: 5.070 GC heap before
{Heap before GC invocations=26 (full 0):
 garbage-first heap   total 87040K, used 62816K [0x00000000ca200000, 0x0000000100000000)
  region size 1024K, 18 young (18432K), 3 survivors (3072K)
 Metaspace       used 56710K, committed 57024K, reserved 1105920K
  class space    used 6636K, committed 6784K, reserved 1048576K
}
Event: 5.080 GC heap after
{Heap after GC invocations=27 (full 0):
 garbage-first heap   total 87040K, used 50415K [0x00000000ca200000, 0x0000000100000000)
  region size 1024K, 3 young (3072K), 3 survivors (3072K)
 Metaspace       used 56710K, committed 57024K, reserved 1105920K
  class space    used 6636K, committed 6784K, reserved 1048576K
}
Event: 5.112 GC heap before
{Heap before GC invocations=27 (full 0):
 garbage-first heap   total 87040K, used 68847K [0x00000000ca200000, 0x0000000100000000)
  region size 1024K, 21 young (21504K), 3 survivors (3072K)
 Metaspace       used 56749K, committed 57088K, reserved 1105920K
  class space    used 6636K, committed 6784K, reserved 1048576K
}
Event: 5.116 GC heap after
{Heap after GC invocations=28 (full 0):
 garbage-first heap   total 87040K, used 51007K [0x00000000ca200000, 0x0000000100000000)
  region size 1024K, 1 young (1024K), 1 survivors (1024K)
 Metaspace       used 56749K, committed 57088K, reserved 1105920K
  class space    used 6636K, committed 6784K, reserved 1048576K
}
Event: 5.236 GC heap before
{Heap before GC invocations=29 (full 0):
 garbage-first heap   total 112640K, used 69439K [0x00000000ca200000, 0x0000000100000000)
  region size 1024K, 19 young (19456K), 1 survivors (1024K)
 Metaspace       used 57654K, committed 57984K, reserved 1105920K
  class space    used 6758K, committed 6912K, reserved 1048576K
}
Event: 5.238 GC heap after
{Heap after GC invocations=30 (full 0):
 garbage-first heap   total 112640K, used 50960K [0x00000000ca200000, 0x0000000100000000)
  region size 1024K, 1 young (1024K), 1 survivors (1024K)
 Metaspace       used 57654K, committed 57984K, reserved 1105920K
  class space    used 6758K, committed 6912K, reserved 1048576K
}
Event: 5.289 GC heap before
{Heap before GC invocations=30 (full 0):
 garbage-first heap   total 112640K, used 55056K [0x00000000ca200000, 0x0000000100000000)
  region size 1024K, 5 young (5120K), 1 survivors (1024K)
 Metaspace       used 58148K, committed 58496K, reserved 1105920K
  class space    used 6811K, committed 6976K, reserved 1048576K
}
Event: 5.293 GC heap after
{Heap after GC invocations=31 (full 0):
 garbage-first heap   total 198656K, used 51449K [0x00000000ca200000, 0x0000000100000000)
  region size 1024K, 1 young (1024K), 1 survivors (1024K)
 Metaspace       used 58148K, committed 58496K, reserved 1105920K
  class space    used 6811K, committed 6976K, reserved 1048576K
}

